[INFO 2020-12-30 13:40:27]初始化配置文件, path=D:\pycharmpro\API_Automation\Conf\config.ini
[INFO 2020-12-30 13:40:27]解析yaml, Path:D:\pycharmpro\API_Automation/Params/Param/Basic.yaml
[INFO 2020-12-30 13:40:27]解析yaml, Path:D:\pycharmpro\API_Automation/Params/Param/Collections.yaml
[INFO 2020-12-30 13:40:27]解析yaml, Path:D:\pycharmpro\API_Automation/Params/Param/Personal.yaml
[INFO 2020-12-30 13:40:33]邮件发送成功
[INFO 2020-12-30 13:43:07]初始化配置文件, path=D:\pycharmpro\API_Automation\Conf\config.ini
[INFO 2020-12-30 13:43:07]解析yaml, Path:D:\pycharmpro\API_Automation/Params/Param/Basic.yaml
[INFO 2020-12-30 13:43:07]解析yaml, Path:D:\pycharmpro\API_Automation/Params/Param/Collections.yaml
[INFO 2020-12-30 13:43:07]解析yaml, Path:D:\pycharmpro\API_Automation/Params/Param/Personal.yaml
[INFO 2020-12-30 13:43:09]邮件发送成功
[INFO 2020-12-30 14:07:28]初始化配置文件, path=D:\pycharmpro\API_Automation\Conf\config.ini
[INFO 2020-12-30 14:07:29]解析yaml, Path:D:\pycharmpro\API_Automation/Params/Param/Basic.yaml
[INFO 2020-12-30 14:07:29]解析yaml, Path:D:\pycharmpro\API_Automation/Params/Param/Collections.yaml
[INFO 2020-12-30 14:07:29]解析yaml, Path:D:\pycharmpro\API_Automation/Params/Param/Personal.yaml
[INFO 2020-12-30 14:07:31]邮件发送成功
[INFO 2020-12-30 14:09:24]初始化配置文件, path=D:\pycharmpro\API_Automation\Conf\config.ini
[INFO 2020-12-30 14:09:25]解析yaml, Path:D:\pycharmpro\API_Automation/Params/Param/Basic.yaml
[INFO 2020-12-30 14:09:25]解析yaml, Path:D:\pycharmpro\API_Automation/Params/Param/Collections.yaml
[INFO 2020-12-30 14:09:25]解析yaml, Path:D:\pycharmpro\API_Automation/Params/Param/Personal.yaml
[INFO 2020-12-30 14:09:27]邮件发送成功
[INFO 2020-12-30 14:47:41]初始化配置文件, path=D:\pycharmpro\API_Automation\Conf\config.ini
[INFO 2020-12-30 14:47:42]解析yaml, Path:D:\pycharmpro\API_Automation/Params/Param/Basic.yaml
[INFO 2020-12-30 14:47:42]解析yaml, Path:D:\pycharmpro\API_Automation/Params/Param/Collections.yaml
[INFO 2020-12-30 14:47:42]解析yaml, Path:D:\pycharmpro\API_Automation/Params/Param/Personal.yaml
[INFO 2020-12-30 14:47:44]邮件发送成功
[INFO 2020-12-30 14:56:55]初始化配置文件, path=D:\pycharmpro\API_Automation\Conf\config.ini
[INFO 2020-12-30 14:56:56]解析yaml, Path:D:\pycharmpro\API_Automation/Params/Param/Basic.yaml
[INFO 2020-12-30 14:56:56]解析yaml, Path:D:\pycharmpro\API_Automation/Params/Param/Collections.yaml
[INFO 2020-12-30 14:56:56]解析yaml, Path:D:\pycharmpro\API_Automation/Params/Param/Personal.yaml
[DEBUG 2020-12-30 14:57:00]cookies: {}
[ERROR 2020-12-30 14:57:00]statusCode error, expected_code is 200, statusCode is 503 
[DEBUG 2020-12-30 14:57:00]cookies: {}
[ERROR 2020-12-30 14:57:00]statusCode error, expected_code is 208, statusCode is 503 
[DEBUG 2020-12-30 14:57:00]cookies: {}
[INFO 2020-12-30 14:57:02]邮件发送成功
[INFO 2020-12-30 16:01:46]解析yaml, Path:D:\pycharmpro\API_Automation/Params/Param/Login.yaml
[DEBUG 2020-12-30 16:01:46]cookies: {}
[INFO 2020-12-30 16:02:13]解析yaml, Path:D:\pycharmpro\API_Automation/Params/Param/Login.yaml
[DEBUG 2020-12-30 16:02:13]cookies: {}
[INFO 2020-12-30 16:18:31]解析yaml, Path:D:\pycharmpro\API_Automation/Params/Param/Login.yaml
[DEBUG 2020-12-30 16:18:31]cookies: {}
[INFO 2020-12-30 16:22:14]解析yaml, Path:D:\pycharmpro\API_Automation/Params/Param/Login.yaml
[DEBUG 2020-12-30 16:22:14]cookies: {}
[INFO 2020-12-30 16:27:03]解析yaml, Path:D:\pycharmpro\API_Automation/Params/Param/Login.yaml
[DEBUG 2020-12-30 16:27:03]cookies: {}
[INFO 2020-12-30 16:28:20]解析yaml, Path:D:\pycharmpro\API_Automation/Params/Param/Login.yaml
[DEBUG 2020-12-30 16:28:20]cookies: {}
[ERROR 2020-12-30 16:28:21]Response time > expected_time, expected_time is 100, time is 651.674
[INFO 2020-12-30 16:29:49]解析yaml, Path:D:\pycharmpro\API_Automation/Params/Param/Login.yaml
[DEBUG 2020-12-30 16:29:50]cookies: {}
[INFO 2020-12-30 16:32:11]解析yaml, Path:D:\pycharmpro\API_Automation/Params/Param/Login.yaml
[DEBUG 2020-12-30 16:32:11]cookies: {}
[INFO 2020-12-30 16:33:01]解析yaml, Path:D:\pycharmpro\API_Automation/Params/Param/Login.yaml
[DEBUG 2020-12-30 16:33:01]cookies: {}
[INFO 2020-12-30 16:34:11]解析yaml, Path:D:\pycharmpro\API_Automation/Params/Param/Login.yaml
[DEBUG 2020-12-30 16:34:11]cookies: {}
[INFO 2020-12-30 16:34:37]解析yaml, Path:D:\pycharmpro\API_Automation/Params/Param/Login.yaml
[DEBUG 2020-12-30 16:34:38]cookies: {}
[INFO 2020-12-30 16:35:45]解析yaml, Path:D:\pycharmpro\API_Automation/Params/Param/Login.yaml
[DEBUG 2020-12-30 16:35:45]cookies: {}
[INFO 2020-12-30 16:36:40]解析yaml, Path:D:\pycharmpro\API_Automation/Params/Param/Login.yaml
[INFO 2020-12-30 16:37:12]解析yaml, Path:D:\pycharmpro\API_Automation/Params/Param/Login.yaml
[INFO 2020-12-30 16:37:47]解析yaml, Path:D:\pycharmpro\API_Automation/Params/Param/Login.yaml
[INFO 2020-12-30 16:38:16]解析yaml, Path:D:\pycharmpro\API_Automation/Params/Param/Login.yaml
[INFO 2020-12-30 16:38:58]解析yaml, Path:D:\pycharmpro\API_Automation/Params/Param/Login.yaml
[INFO 2020-12-30 16:39:54]解析yaml, Path:D:\pycharmpro\API_Automation/Params/Param/Login.yaml
[DEBUG 2020-12-30 16:39:54]cookies: {}
[INFO 2020-12-30 16:42:10]解析yaml, Path:D:\pycharmpro\API_Automation/Params/Param/Login.yaml
[DEBUG 2020-12-30 16:42:10]cookies: {}
[INFO 2020-12-30 16:42:48]解析yaml, Path:D:\pycharmpro\API_Automation/Params/Param/Login.yaml
[DEBUG 2020-12-30 16:42:48]cookies: {}
[INFO 2020-12-30 16:44:54]解析yaml, Path:D:\pycharmpro\API_Automation/Params/Param/Login.yaml
[DEBUG 2020-12-30 16:44:54]cookies: {}
[INFO 2020-12-30 16:45:36]解析yaml, Path:D:\pycharmpro\API_Automation/Params/Param/Login.yaml
[DEBUG 2020-12-30 16:45:36]cookies: {}
[INFO 2020-12-30 16:48:55]解析yaml, Path:D:\pycharmpro\API_Automation/Params/Param/Login.yaml
[DEBUG 2020-12-30 16:48:55]cookies: {}
[INFO 2020-12-30 16:49:10]解析yaml, Path:D:\pycharmpro\API_Automation/Params/Param/Login.yaml
[DEBUG 2020-12-30 16:49:11]cookies: {}
[INFO 2020-12-30 16:49:40]解析yaml, Path:D:\pycharmpro\API_Automation/Params/Param/Login.yaml
[DEBUG 2020-12-30 16:49:40]cookies: {}
[INFO 2020-12-30 16:50:26]解析yaml, Path:D:\pycharmpro\API_Automation/Params/Param/Login.yaml
[DEBUG 2020-12-30 16:50:26]cookies: {}
[INFO 2020-12-30 16:51:03]解析yaml, Path:D:\pycharmpro\API_Automation/Params/Param/Login.yaml
[DEBUG 2020-12-30 16:51:04]cookies: {}
[INFO 2020-12-30 16:53:29]解析yaml, Path:D:\pycharmpro\API_Automation/Params/Param/Login.yaml
[DEBUG 2020-12-30 16:53:30]cookies: {}
[INFO 2020-12-30 16:58:23]解析yaml, Path:D:\pycharmpro\API_Automation/Params/Param/Login.yaml
[DEBUG 2020-12-30 16:58:23]cookies: {}
[INFO 2020-12-30 16:59:04]解析yaml, Path:D:\pycharmpro\API_Automation/Params/Param/Login.yaml
[DEBUG 2020-12-30 16:59:04]cookies: {}
[INFO 2020-12-30 17:03:04]解析yaml, Path:D:\pycharmpro\API_Automation/Params/Param/Login.yaml
[DEBUG 2020-12-30 17:03:04]cookies: {}
[INFO 2020-12-30 17:06:07]解析yaml, Path:D:\pycharmpro\API_Automation/Params/Param/Login.yaml
[DEBUG 2020-12-30 17:06:08]cookies: {}
[INFO 2020-12-30 17:07:15]解析yaml, Path:D:\pycharmpro\API_Automation/Params/Param/Login.yaml
[DEBUG 2020-12-30 17:07:15]cookies: {}
[INFO 2020-12-30 17:07:39]解析yaml, Path:D:\pycharmpro\API_Automation/Params/Param/Login.yaml
[DEBUG 2020-12-30 17:07:40]cookies: {}
[INFO 2020-12-30 17:41:14]解析yaml, Path:D:\pycharmpro\API_Automation/Params/Param/Login.yaml
[INFO 2020-12-30 17:42:03]解析yaml, Path:D:\pycharmpro\API_Automation/Params/Param/Login.yaml
[INFO 2020-12-30 17:45:11]解析yaml, Path:D:\pycharmpro\API_Automation/Params/Param/Login.yaml
[INFO 2020-12-30 17:46:37]解析yaml, Path:D:\pycharmpro\API_Automation/Params/Param/Login.yaml
[INFO 2020-12-30 17:47:36]解析yaml, Path:D:\pycharmpro\API_Automation/Params/Param/Login.yaml
[INFO 2020-12-30 17:51:45]解析yaml, Path:D:\pycharmpro\API_Automation/Params/Param/Login.yaml
[INFO 2020-12-30 17:51:56]解析yaml, Path:D:\pycharmpro\API_Automation/Params/Param/Login.yaml
[INFO 2020-12-30 17:52:29]解析yaml, Path:D:\pycharmpro\API_Automation/Params/Param/Login.yaml
[INFO 2020-12-30 17:53:24]解析yaml, Path:D:\pycharmpro\API_Automation/Params/Param/Login.yaml
[INFO 2020-12-30 17:53:57]解析yaml, Path:D:\pycharmpro\API_Automation/Params/Param/Login.yaml
[INFO 2020-12-30 17:54:26]解析yaml, Path:D:\pycharmpro\API_Automation/Params/Param/Login.yaml
[INFO 2020-12-30 17:57:56]解析yaml, Path:D:\pycharmpro\API_Automation/Params/Param/Login.yaml
[INFO 2020-12-30 17:59:10]解析yaml, Path:D:\pycharmpro\API_Automation/Params/Param/Login.yaml
[INFO 2020-12-30 17:59:40]解析yaml, Path:D:\pycharmpro\API_Automation/Params/Param/Login.yaml
[ERROR 2020-12-30 17:59:42]Response body Does not contain expected_msg, expected_msg is access_token1
[INFO 2020-12-30 18:01:27]初始化配置文件, path=D:\pycharmpro\API_Automation\Conf\config.ini
[INFO 2020-12-30 18:01:28]解析yaml, Path:D:\pycharmpro\API_Automation/Params/Param/Login.yaml
[INFO 2020-12-30 18:01:29]邮件发送成功
[INFO 2020-12-30 18:02:15]初始化配置文件, path=D:\pycharmpro\API_Automation\Conf\config.ini
[INFO 2020-12-30 18:02:16]解析yaml, Path:D:\pycharmpro\API_Automation/Params/Param/Login.yaml
[INFO 2020-12-30 18:02:17]邮件发送成功
[INFO 2020-12-30 18:02:55]初始化配置文件, path=D:\pycharmpro\API_Automation\Conf\config.ini
[INFO 2020-12-30 18:02:56]解析yaml, Path:D:\pycharmpro\API_Automation/Params/Param/Login.yaml
[INFO 2020-12-30 18:02:57]邮件发送成功
[INFO 2020-12-30 18:05:02]初始化配置文件, path=D:\pycharmpro\API_Automation\Conf\config.ini
[INFO 2020-12-30 18:05:02]解析yaml, Path:D:\pycharmpro\API_Automation/Params/Param/Login.yaml
[INFO 2020-12-30 18:05:07]邮件发送成功
[INFO 2020-12-30 18:06:12]初始化配置文件, path=D:\pycharmpro\API_Automation\Conf\config.ini
[INFO 2020-12-30 18:06:12]解析yaml, Path:D:\pycharmpro\API_Automation/Params/Param/Login.yaml
[INFO 2020-12-30 18:06:14]邮件发送成功
[INFO 2020-12-30 18:16:49]解析yaml, Path:D:\pycharmpro\API_Automation/Params/Param/Login.yaml
[INFO 2020-12-30 18:18:29]解析yaml, Path:D:\pycharmpro\API_Automation/Params/Param/Login.yaml
[INFO 2020-12-30 18:20:54]解析yaml, Path:D:\pycharmpro\API_Automation/Params/Param/Login.yaml
[INFO 2020-12-30 18:23:27]解析yaml, Path:D:\pycharmpro\API_Automation/Params/Param/Login.yaml
[INFO 2020-12-30 18:24:06]解析yaml, Path:D:\pycharmpro\API_Automation/Params/Param/Login.yaml
[INFO 2020-12-30 18:24:24]解析yaml, Path:D:\pycharmpro\API_Automation/Params/Param/Login.yaml
[INFO 2020-12-30 18:24:46]初始化配置文件, path=D:\pycharmpro\API_Automation\Conf\config.ini
[INFO 2020-12-30 18:24:46]解析yaml, Path:D:\pycharmpro\API_Automation/Params/Param/Login.yaml
[INFO 2020-12-30 18:24:48]邮件发送成功
[INFO 2020-12-30 18:31:11]初始化配置文件, path=D:\pycharmpro\API_Automation\Conf\config.ini
[INFO 2020-12-30 18:31:11]解析yaml, Path:D:\pycharmpro\API_Automation/Params/Param/Login.yaml
[INFO 2020-12-30 18:31:13]邮件发送成功
[INFO 2020-12-30 18:45:32]解析yaml, Path:D:\pycharmpro\API_Automation/Params/Param/Login.yaml
[INFO 2020-12-30 18:46:43]解析yaml, Path:D:\pycharmpro\API_Automation/Params/Param/Login.yaml
[INFO 2020-12-30 18:48:20]解析yaml, Path:D:\pycharmpro\API_Automation/Params/Param/Login.yaml
[INFO 2020-12-30 18:49:30]解析yaml, Path:D:\pycharmpro\API_Automation/Params/Param/Login.yaml
[INFO 2020-12-30 18:50:08]解析yaml, Path:D:\pycharmpro\API_Automation/Params/Param/Login.yaml
[INFO 2020-12-30 18:50:43]解析yaml, Path:D:\pycharmpro\API_Automation/Params/Param/Login.yaml
[INFO 2020-12-30 18:51:19]解析yaml, Path:D:\pycharmpro\API_Automation/Params/Param/Login.yaml
[INFO 2020-12-30 18:53:36]解析yaml, Path:D:\pycharmpro\API_Automation/Params/Param/Login.yaml
[INFO 2020-12-30 18:57:30]解析yaml, Path:D:\pycharmpro\API_Automation/Params/Param/Login.yaml
[INFO 2020-12-30 18:59:54]解析yaml, Path:D:\pycharmpro\API_Automation/Params/Param/Login.yaml
[ERROR 2020-12-30 18:59:54]statusCode error, expected_code is 200, statusCode is 400 
[INFO 2020-12-30 19:01:09]解析yaml, Path:D:\pycharmpro\API_Automation/Params/Param/Login.yaml
[INFO 2020-12-30 19:03:25]解析yaml, Path:D:\pycharmpro\API_Automation/Params/Param/Login.yaml
[ERROR 2020-12-30 19:03:25]Response body Does not contain expected_msg, expected_msg is access_token
[INFO 2020-12-30 19:04:58]解析yaml, Path:D:\pycharmpro\API_Automation/Params/Param/Login.yaml
[INFO 2020-12-30 19:05:37]解析yaml, Path:D:\pycharmpro\API_Automation/Params/Param/Login.yaml
[ERROR 2020-12-30 19:05:38]Response body Does not contain expected_msg, expected_msg is access_token
[INFO 2020-12-30 19:06:04]解析yaml, Path:D:\pycharmpro\API_Automation/Params/Param/Login.yaml
[INFO 2020-12-30 19:06:28]解析yaml, Path:D:\pycharmpro\API_Automation/Params/Param/Login.yaml
[ERROR 2020-12-30 19:06:28]Response body Does not contain expected_msg, expected_msg is access_token
[INFO 2020-12-30 19:09:19]初始化配置文件, path=D:\pycharmpro\API_Automation\Conf\config.ini
[INFO 2020-12-30 19:09:19]解析yaml, Path:D:\pycharmpro\API_Automation/Params/Param/Login.yaml
[ERROR 2020-12-30 19:09:19]Response body Does not contain expected_msg, expected_msg is access_token
[INFO 2020-12-30 19:09:21]邮件发送成功
[INFO 2020-12-30 19:12:00]初始化配置文件, path=D:\pycharmpro\API_Automation\Conf\config.ini
[INFO 2020-12-30 19:12:01]解析yaml, Path:D:\pycharmpro\API_Automation/Params/Param/Login.yaml
[ERROR 2020-12-30 19:12:01]Response body Does not contain expected_msg, expected_msg is access_token
[INFO 2020-12-30 19:12:03]邮件发送成功
[INFO 2020-12-30 19:17:55]初始化配置文件, path=D:\pycharmpro\API_Automation\Conf\config.ini
[INFO 2020-12-30 19:17:55]解析yaml, Path:D:\pycharmpro\API_Automation/Params/Param/Login.yaml
[INFO 2020-12-30 19:18:01]邮件发送成功
[INFO 2020-12-30 19:37:12]初始化配置文件, path=D:\pycharmpro\API_Automation\Conf\config.ini
[INFO 2020-12-30 19:37:13]解析yaml, Path:D:\pycharmpro\API_Automation/Params/Param/Login.yaml
[INFO 2020-12-30 19:37:15]邮件发送成功
[INFO 2020-12-30 19:37:41]初始化配置文件, path=D:\pycharmpro\API_Automation\Conf\config.ini
[INFO 2020-12-30 19:37:42]解析yaml, Path:D:\pycharmpro\API_Automation/Params/Param/Login.yaml
[INFO 2020-12-30 19:37:47]邮件发送成功
[INFO 2020-12-30 19:50:06]初始化配置文件, path=D:\pycharmpro\API_Automation\Conf\config.ini
[INFO 2020-12-30 19:50:07]解析yaml, Path:D:\pycharmpro\API_Automation/Params/Param/Login.yaml
[INFO 2020-12-30 19:50:12]邮件发送成功
[INFO 2020-12-30 19:51:37]初始化配置文件, path=D:\pycharmpro\API_Automation\Conf\config.ini
[INFO 2020-12-30 19:51:38]解析yaml, Path:D:\pycharmpro\API_Automation/Params/Param/Login.yaml
[ERROR 2020-12-30 19:51:38]Response body Does not contain expected_msg, expected_msg is access_token
[INFO 2020-12-30 19:51:40]邮件发送成功
[INFO 2020-12-30 19:53:19]初始化配置文件, path=D:\pycharmpro\API_Automation\Conf\config.ini
[INFO 2020-12-30 19:53:19]解析yaml, Path:D:\pycharmpro\API_Automation/Params/Param/Login.yaml
[ERROR 2020-12-30 19:53:19]Response body Does not contain expected_msg, expected_msg is access_token
[INFO 2020-12-30 19:53:25]邮件发送成功
[INFO 2021-01-04 18:14:38]初始化配置文件, path=D:\pycharmpro\API_Automation\Conf\config.ini
[INFO 2021-01-04 18:14:39]解析yaml, Path:D:\pycharmpro\API_Automation/Params/Param/Login.yaml
[ERROR 2021-01-04 18:14:41]Response body Does not contain expected_msg, expected_msg is access_token
[INFO 2021-01-04 18:14:45]邮件发送成功
